<?xml version="1.0" encoding="UTF-8"?>
<!-- Generated by org.testng.reporters.JUnitReportReporter -->
<testsuite skipped="0" hostname="DESKTOP-B2426KB" name="com.parallelExecution.TestTwo" tests="2" failures="0" timestamp="2021-06-17T17:08:57 IST" time="37.939" errors="0">
  <testcase name="createBooking" time="15.919" classname="com.parallelExecution.TestTwo"/>
  <system-out/>
  <testcase name="getBookingDetails" time="22.020" classname="com.parallelExecution.TestTwo"/>
  <system-out/>
</testsuite> <!-- com.parallelExecution.TestTwo -->
