<?xml version="1.0" encoding="UTF-8"?>
<!-- Generated by org.testng.reporters.JUnitReportReporter -->
<testsuite skipped="0" hostname="DESKTOP-B2426KB" name="com.ignore.TestRunner" tests="3" failures="0" timestamp="2021-06-21T16:55:46 IST" time="0.192" errors="0">
  <testcase name="noValuesSetForAnyField" time="0.183" classname="com.ignore.TestRunner"/>
  <system-out/>
  <testcase name="valueSetForFields" time="0.007" classname="com.ignore.TestRunner"/>
  <system-out/>
  <testcase name="noValueSetForArrayListMap" time="0.002" classname="com.ignore.TestRunner"/>
  <system-out/>
</testsuite> <!-- com.ignore.TestRunner -->
