<?xml version="1.0" encoding="UTF-8"?>
<!-- Generated by org.testng.reporters.JUnitReportReporter -->
<testsuite skipped="0" hostname="DESKTOP-B2426KB" name="com.assignment.DeleteResource" tests="2" failures="0" timestamp="2021-07-24T17:57:31 IST" time="4.074" errors="0">
  <testcase name="deleteResource" time="3.274" classname="com.assignment.DeleteResource"/>
  <system-out/>
  <testcase name="negative" time="0.800" classname="com.assignment.DeleteResource"/>
  <system-out/>
</testsuite> <!-- com.assignment.DeleteResource -->
