<?xml version="1.0" encoding="UTF-8"?>
<!-- Generated by org.testng.reporters.JUnitReportReporter -->
<testsuite skipped="0" hostname="DESKTOP-B2426KB" name="com.cookiebasedauthentication.DeleteTicketInJIRA" tests="1" failures="0" timestamp="2021-06-12T15:51:41 IST" time="0.459" errors="0">
  <testcase name="deleteTicket" time="0.459" classname="com.cookiebasedauthentication.DeleteTicketInJIRA"/>
  <system-out/>
</testsuite> <!-- com.cookiebasedauthentication.DeleteTicketInJIRA -->
