<?xml version="1.0" encoding="UTF-8"?>
<!-- Generated by org.testng.reporters.JUnitReportReporter -->
<testsuite skipped="0" hostname="DESKTOP-B2426KB" name="com.cookiebasedauthentication.CookieBasedAuthentication" tests="2" failures="0" timestamp="2021-06-10T17:42:46 IST" time="4.798" errors="0">
  <testcase name="getCookieID" time="3.443" classname="com.cookiebasedauthentication.CookieBasedAuthentication"/>
  <system-out/>
  <testcase name="createIssue" time="1.355" classname="com.cookiebasedauthentication.CookieBasedAuthentication"/>
  <system-out/>
</testsuite> <!-- com.cookiebasedauthentication.CookieBasedAuthentication -->
