<?xml version="1.0" encoding="UTF-8"?>
<!-- Generated by org.testng.reporters.JUnitReportReporter -->
<testsuite skipped="0" hostname="DESKTOP-B2426KB" name="com.authentication.BaseClass" tests="1" failures="0" timestamp="2021-06-10T09:47:31 IST" time="2.669" errors="0">
  <testcase name="performOauth2" time="2.669" classname="com.authentication.BaseClass"/>
  <system-out/>
</testsuite> <!-- com.authentication.BaseClass -->
