<?xml version="1.0" encoding="UTF-8"?>
<!-- Generated by org.testng.reporters.JUnitReportReporter -->
<testsuite skipped="0" hostname="DESKTOP-B2426KB" name="com.cookiebasedauthentication.GetCookie" tests="1" failures="0" timestamp="2021-06-12T15:51:41 IST" time="1.977" errors="0">
  <testcase name="getCookieID" time="1.977" classname="com.cookiebasedauthentication.GetCookie"/>
  <system-out/>
</testsuite> <!-- com.cookiebasedauthentication.GetCookie -->
