<?xml version="1.0" encoding="UTF-8"?>
<!-- Generated by org.testng.reporters.JUnitReportReporter -->
<testsuite skipped="0" hostname="DESKTOP-B2426KB" name="com.cookiebasedauthentication.CreateTicketInJIRA" tests="1" failures="0" timestamp="2021-06-12T15:51:41 IST" time="3.687" errors="0">
  <testcase name="createIssue" time="3.687" classname="com.cookiebasedauthentication.CreateTicketInJIRA"/>
  <system-out/>
</testsuite> <!-- com.cookiebasedauthentication.CreateTicketInJIRA -->
