<?xml version="1.0" encoding="UTF-8"?>
<!-- Generated by org.testng.reporters.JUnitReportReporter -->
<testsuite skipped="0" hostname="DESKTOP-B2426KB" name="com.cookiebasedauthentication.AddCommentsInJIRA" tests="1" failures="0" timestamp="2021-06-10T19:48:09 IST" time="2.494" errors="0">
  <testcase name="addComments" time="2.494" classname="com.cookiebasedauthentication.AddCommentsInJIRA"/>
  <system-out/>
</testsuite> <!-- com.cookiebasedauthentication.AddCommentsInJIRA -->
