<?xml version="1.0" encoding="UTF-8"?>
<!-- Generated by org.testng.reporters.JUnitReportReporter -->
<testsuite skipped="0" hostname="DESKTOP-B2426KB" name="com.parallelExecution.PostRequest" tests="2" failures="0" timestamp="2021-06-17T16:22:50 IST" time="5.609" errors="0">
  <testcase name="createBooking" time="3.891" classname="com.parallelExecution.PostRequest"/>
  <system-out/>
  <testcase name="getBookingDetails" time="1.718" classname="com.parallelExecution.PostRequest"/>
  <system-out/>
</testsuite> <!-- com.parallelExecution.PostRequest -->
